03/08/2023 11:51:58 DEBUG: Request: Test-WSAPIConnection to Test if the session key exists.
03/08/2023 11:51:58 DEBUG: Running: Validate the session key
03/08/2023 11:51:58  Stop: No active WSAPI connection to an HPE Alletra 9000 or Primera or 3PAR storage system or the current session key is expired. Use New-WSAPIConnection cmdlet to connect back.
03/08/2023 11:52:01 DEBUG: Running: Invoke-WebRequest for credential data.
03/08/2023 11:52:01 DEBUG: Request: Test-WSAPIConnection to Test if the session key exists.
03/08/2023 11:52:01 DEBUG: Running: Validate the session key
03/08/2023 11:52:01 INFO:  End: Connected
03/08/2023 11:52:01 DEBUG: End: Test-WSAPIConnection
03/08/2023 11:52:01 DEBUG: Request: Request Invoke-WSAPI URL : /system TYPE : GET 
03/08/2023 11:52:01 DEBUG: Running: Constructing header.
03/08/2023 11:52:01 DEBUG: Request: Invoke-WebRequest for Data, Request Type : GET
03/08/2023 11:52:01 INFO: SUCCESS:successfully Executed
03/08/2023 11:52:01 INFO: End: If there are no errors reported on the console then the SAN connection object is set and ready to be used
03/08/2023 11:52:06 DEBUG: Request: Test-WSAPIConnection to Test if the session key exists.
03/08/2023 11:52:06 DEBUG: Running: Validate the session key
03/08/2023 11:52:06 INFO:  End: Connected
03/08/2023 11:52:06 DEBUG: End: Test-WSAPIConnection
03/08/2023 11:52:06 DEBUG: Request: Request Invoke-WSAPI URL : /capacity TYPE : GET 
03/08/2023 11:52:06 DEBUG: Running: Constructing header.
03/08/2023 11:52:06 DEBUG: Request: Invoke-WebRequest for Data, Request Type : GET
03/08/2023 11:52:07  Running: Add custom type to the resulting object for formatting purpose
03/08/2023 11:52:07  End: Get-CapacityInfo_WSAPI(WSAPI)
03/08/2023 11:52:21 DEBUG: Request: Test-WSAPIConnection to Test if the session key exists.
03/08/2023 11:52:21 DEBUG: Running: Validate the session key
03/08/2023 11:52:21 INFO:  End: Connected
03/08/2023 11:52:21 DEBUG: End: Test-WSAPIConnection
03/08/2023 11:52:21 DEBUG: Request: Request Invoke-WSAPI URL : /capacity TYPE : GET 
03/08/2023 11:52:21 DEBUG: Running: Constructing header.
03/08/2023 11:52:21 DEBUG: Request: Invoke-WebRequest for Data, Request Type : GET
03/08/2023 11:52:21  Running: Add custom type to the resulting object for formatting purpose
03/08/2023 11:52:21  End: Get-CapacityInfo_WSAPI(WSAPI)
03/08/2023 11:52:36 DEBUG: Request: Test-WSAPIConnection to Test if the session key exists.
03/08/2023 11:52:36 DEBUG: Running: Validate the session key
03/08/2023 11:52:36 INFO:  End: Connected
03/08/2023 11:52:36 DEBUG: End: Test-WSAPIConnection
03/08/2023 11:52:36 DEBUG: Request: Request Invoke-WSAPI URL : /capacity TYPE : GET 
03/08/2023 11:52:36 DEBUG: Running: Constructing header.
03/08/2023 11:52:36 DEBUG: Request: Invoke-WebRequest for Data, Request Type : GET
03/08/2023 11:52:36  Running: Add custom type to the resulting object for formatting purpose
03/08/2023 11:52:36  End: Get-CapacityInfo_WSAPI(WSAPI)
03/08/2023 11:55:07 DEBUG: Request: Test-WSAPIConnection to Test if the session key exists.
03/08/2023 11:55:07 DEBUG: Running: Validate the session key
03/08/2023 11:55:07 INFO:  End: Connected
03/08/2023 11:55:07 DEBUG: End: Test-WSAPIConnection
03/08/2023 11:55:07 DEBUG: Request: Request Invoke-WSAPI URL : /capacity TYPE : GET 
03/08/2023 11:55:07 DEBUG: Running: Constructing header.
03/08/2023 11:55:07 DEBUG: Request: Invoke-WebRequest for Data, Request Type : GET
03/08/2023 11:55:07  Running: Add custom type to the resulting object for formatting purpose
03/08/2023 11:55:07  End: Get-CapacityInfo_WSAPI(WSAPI)
03/08/2023 11:55:21 DEBUG: Request: Test-WSAPIConnection to Test if the session key exists.
03/08/2023 11:55:21 DEBUG: Running: Validate the session key
03/08/2023 11:55:21 INFO:  End: Connected
03/08/2023 11:55:21 DEBUG: End: Test-WSAPIConnection
03/08/2023 11:55:21 DEBUG: Request: Request Invoke-WSAPI URL : /capacity TYPE : GET 
03/08/2023 11:55:21 DEBUG: Running: Constructing header.
03/08/2023 11:55:21 DEBUG: Request: Invoke-WebRequest for Data, Request Type : GET
03/08/2023 11:55:21  Running: Add custom type to the resulting object for formatting purpose
03/08/2023 11:55:21  End: Get-CapacityInfo_WSAPI(WSAPI)
