03/08/2023 11:49:57 DEBUG: Request: Test-WSAPIConnection to Test if the session key exists.
03/08/2023 11:49:57 DEBUG: Running: Validate the session key
03/08/2023 11:49:57  Stop: No active WSAPI connection to an HPE Alletra 9000 or Primera or 3PAR storage system or the current session key is expired. Use New-WSAPIConnection cmdlet to connect back.
03/08/2023 11:50:10 DEBUG: Running: Invoke-WebRequest for credential data.
03/08/2023 11:50:10 DEBUG: Request: Test-WSAPIConnection to Test if the session key exists.
03/08/2023 11:50:10 DEBUG: Running: Validate the session key
03/08/2023 11:50:10 INFO:  End: Connected
03/08/2023 11:50:10 DEBUG: End: Test-WSAPIConnection
03/08/2023 11:50:10 DEBUG: Request: Request Invoke-WSAPI URL : /system TYPE : GET 
03/08/2023 11:50:10 DEBUG: Running: Constructing header.
03/08/2023 11:50:10 DEBUG: Request: Invoke-WebRequest for Data, Request Type : GET
03/08/2023 11:50:10 INFO: SUCCESS:successfully Executed
03/08/2023 11:50:10 INFO: End: If there are no errors reported on the console then the SAN connection object is set and ready to be used
03/08/2023 11:50:13 DEBUG: Request: Test-WSAPIConnection to Test if the session key exists.
03/08/2023 11:50:13 DEBUG: Running: Validate the session key
03/08/2023 11:50:13 INFO:  End: Connected
03/08/2023 11:50:13 DEBUG: End: Test-WSAPIConnection
03/08/2023 11:50:13 DEBUG: Request: Request Invoke-WSAPI URL : /capacity TYPE : GET 
03/08/2023 11:50:13 DEBUG: Running: Constructing header.
03/08/2023 11:50:13 DEBUG: Request: Invoke-WebRequest for Data, Request Type : GET
03/08/2023 11:50:13  Running: Add custom type to the resulting object for formatting purpose
03/08/2023 11:50:13  End: Get-CapacityInfo_WSAPI(WSAPI)
