03/08/2023 12:02:26 DEBUG: Running: Invoke-WebRequest for credential data.
03/08/2023 12:02:26 DEBUG: Request: Test-WSAPIConnection to Test if the session key exists.
03/08/2023 12:02:26 DEBUG: Running: Validate the session key
03/08/2023 12:02:26 INFO:  End: Connected
03/08/2023 12:02:26 DEBUG: End: Test-WSAPIConnection
03/08/2023 12:02:26 DEBUG: Request: Request Invoke-WSAPI URL : /system TYPE : GET 
03/08/2023 12:02:26 DEBUG: Running: Constructing header.
03/08/2023 12:02:26 DEBUG: Request: Invoke-WebRequest for Data, Request Type : GET
03/08/2023 12:02:26 INFO: SUCCESS:successfully Executed
03/08/2023 12:02:26 INFO: End: If there are no errors reported on the console then the SAN connection object is set and ready to be used
03/08/2023 12:02:33 DEBUG: Request: Test-WSAPIConnection to Test if the session key exists.
03/08/2023 12:02:33 DEBUG: Running: Validate the session key
03/08/2023 12:02:33 INFO:  End: Connected
03/08/2023 12:02:33 DEBUG: End: Test-WSAPIConnection
03/08/2023 12:02:33 DEBUG: Request: Request Invoke-WSAPI URL : /capacity TYPE : GET 
03/08/2023 12:02:33 DEBUG: Running: Constructing header.
03/08/2023 12:02:33 DEBUG: Request: Invoke-WebRequest for Data, Request Type : GET
03/08/2023 12:02:33  Running: Add custom type to the resulting object for formatting purpose
03/08/2023 12:02:33  End: Get-CapacityInfo_WSAPI(WSAPI)
03/08/2023 12:02:42 DEBUG: Request: Test-WSAPIConnection to Test if the session key exists.
03/08/2023 12:02:42 DEBUG: Running: Validate the session key
03/08/2023 12:02:42 INFO:  End: Connected
03/08/2023 12:02:42 DEBUG: End: Test-WSAPIConnection
03/08/2023 12:02:42 DEBUG: Request: Request Invoke-WSAPI URL : /capacity TYPE : GET 
03/08/2023 12:02:42 DEBUG: Running: Constructing header.
03/08/2023 12:02:42 DEBUG: Request: Invoke-WebRequest for Data, Request Type : GET
03/08/2023 12:02:42  Running: Add custom type to the resulting object for formatting purpose
03/08/2023 12:02:42  End: Get-CapacityInfo_WSAPI(WSAPI)
